<?xml version="1.0" encoding="utf-8" standalone="no"?>
<test-results xmlns:xsi="http://www.w3.org/2001/XMLSchema-instance" xsi:noNamespaceSchemaLocation="nunit_schema_2.5.xsd" name="Pester" total="19" errors="0" failures="1" not-run="0" inconclusive="0" ignored="0" skipped="0" invalid="0" date="2017-08-12" time="21:12:32">
  <environment user="Dan" machine-name="PLAGUE02" cwd="C:\Users\Dan\Source\GitHub\VSTSPosh" user-domain="PLAGUE02" platform="Microsoft Windows 10 Enterprise|C:\WINDOWS|\Device\Harddisk1\Partition4" nunit-version="2.5.8.0" os-version="10.0.15063" clr-version="4.0.30319.42000" />
  <culture-info current-culture="en-NZ" current-uiculture="en-US" />
  <test-suite type="TestFixture" name="Pester" executed="True" result="Failure" success="False" time="156.2171" asserts="0" description="Pester">
    <results>
      <test-suite type="TestFixture" name="C:\Users\Dan\Source\GitHub\VSTSPosh\Tests\Builds.tests.ps1" executed="True" result="Success" success="True" time="25.4595" asserts="0" description="C:\Users\Dan\Source\GitHub\VSTSPosh\Tests\Builds.tests.ps1">
        <results>
          <test-suite type="TestFixture" name="Builds" executed="True" result="Success" success="True" time="25.4595" asserts="0" description="Builds">
            <results>
              <test-suite type="TestFixture" name="Has default build queues" executed="True" result="Success" success="True" time="25.4595" asserts="0" description="Has default build queues">
                <results>
                  <test-case description="Should return default build queues" name="Builds.Has default build queues.Should return default build queues" time="25.4595" asserts="0" success="True" result="Success" executed="True" />
                </results>
              </test-suite>
            </results>
          </test-suite>
        </results>
      </test-suite>
      <test-suite type="TestFixture" name="C:\Users\Dan\Source\GitHub\VSTSPosh\Tests\Code.tests.ps1" executed="True" result="Failure" success="False" time="21.1702" asserts="0" description="C:\Users\Dan\Source\GitHub\VSTSPosh\Tests\Code.tests.ps1">
        <results>
          <test-suite type="TestFixture" name="Code" executed="True" result="Failure" success="False" time="21.1702" asserts="0" description="Code">
            <results>
              <test-suite type="TestFixture" name="Create a repository, get the repository and remove the repository" executed="True" result="Failure" success="False" time="21.1702" asserts="0" description="Create a repository, get the repository and remove the repository">
                <results>
                  <test-case description="Should create repository" name="Code.Create a repository, get the repository and remove the repository.Should create repository" time="20.8036" asserts="0" success="True" result="Success" executed="True" />
                  <test-case description="Should get the repository" name="Code.Create a repository, get the repository and remove the repository.Should get the repository" time="0.2334" asserts="0" success="True" result="Success" executed="True" />
                  <test-case description="Should delete the repository" name="Code.Create a repository, get the repository and remove the repository.Should delete the repository" time="0.1332" asserts="0" success="False" result="Failure" executed="True">
                    <failure>
                      <message>Expected: the expression not to throw an exception. Message was {The remote server returned an error: (400) Bad Request.}
    from C:\Users\Dan\Source\GitHub\VSTSPosh\VSTS.psm1:318 char:16
    +     $restResult = Invoke-RestMethod @invokeRestMethodParameters
    +                   ~~~~~~~~~~~~~~~~~~~~~~~~~~~~~~~~~~~~~~~~~~~~~</message>
                      <stack-trace>at &lt;ScriptBlock&gt;, C:\Users\Dan\Source\GitHub\VSTSPosh\Tests\Code.tests.ps1: line 45
45: 				-Verbose } | Should Not Throw
</stack-trace>
                    </failure>
                  </test-case>
                </results>
              </test-suite>
            </results>
          </test-suite>
        </results>
      </test-suite>
      <test-suite type="TestFixture" name="C:\Users\Dan\Source\GitHub\VSTSPosh\Tests\Projects.tests.ps1" executed="True" result="Success" success="True" time="87.7605" asserts="0" description="C:\Users\Dan\Source\GitHub\VSTSPosh\Tests\Projects.tests.ps1">
        <results>
          <test-suite type="TestFixture" name="Projects" executed="True" result="Success" success="True" time="87.7605" asserts="0" description="Projects">
            <results>
              <test-suite type="TestFixture" name="Project doesn't exist" executed="True" result="Success" success="True" time="87.3909" asserts="0" description="Project doesn't exist">
                <results>
                  <test-suite type="TestFixture" name="Using session object" executed="True" result="Success" success="True" time="45.0473" asserts="0" description="Using session object">
                    <results>
                      <test-suite type="TestFixture" name="Using no parameters" executed="True" result="Success" success="True" time="22.8159" asserts="0" description="Using no parameters">
                        <results>
                          <test-case description="Should create a new project '5e448d8b4a6a648cb17011'" name="Projects.Project doesn't exist.Using session object.Using no parameters.Should create a new project '5e448d8b4a6a648cb17011'" time="22.472" asserts="0" success="True" result="Success" executed="True" />
                          <test-case description="Should return the new project '5e448d8b4a6a648cb17011'" name="Projects.Project doesn't exist.Using session object.Using no parameters.Should return the new project '5e448d8b4a6a648cb17011'" time="0.139" asserts="0" success="True" result="Success" executed="True" />
                          <test-case description="Should delete the new project '5e448d8b4a6a648cb17011'" name="Projects.Project doesn't exist.Using session object.Using no parameters.Should delete the new project '5e448d8b4a6a648cb17011'" time="0.2049" asserts="0" success="True" result="Success" executed="True" />
                        </results>
                      </test-suite>
                      <test-suite type="TestFixture" name="Using template name 'Scrum'" executed="True" result="Success" success="True" time="22.2314" asserts="0" description="Using template name 'Scrum'">
                        <results>
                          <test-case description="Should create a new project '8c4301b05e75ccf96e4ab1'" name="Projects.Project doesn't exist.Using session object.Using template name 'Scrum'.Should create a new project '8c4301b05e75ccf96e4ab1'" time="21.8241" asserts="0" success="True" result="Success" executed="True" />
                          <test-case description="Should return the new project '8c4301b05e75ccf96e4ab1'" name="Projects.Project doesn't exist.Using session object.Using template name 'Scrum'.Should return the new project '8c4301b05e75ccf96e4ab1'" time="0.1527" asserts="0" success="True" result="Success" executed="True" />
                          <test-case description="Should delete the new project '8c4301b05e75ccf96e4ab1'" name="Projects.Project doesn't exist.Using session object.Using template name 'Scrum'.Should delete the new project '8c4301b05e75ccf96e4ab1'" time="0.2546" asserts="0" success="True" result="Success" executed="True" />
                        </results>
                      </test-suite>
                    </results>
                  </test-suite>
                  <test-suite type="TestFixture" name="Using account details" executed="True" result="Success" success="True" time="42.3436" asserts="0" description="Using account details">
                    <results>
                      <test-suite type="TestFixture" name="Using no parameters" executed="True" result="Success" success="True" time="21.988" asserts="0" description="Using no parameters">
                        <results>
                          <test-case description="Should create a new project 'ea412fa54ec8cdc8856f32'" name="Projects.Project doesn't exist.Using account details.Using no parameters.Should create a new project 'ea412fa54ec8cdc8856f32'" time="21.6014" asserts="0" success="True" result="Success" executed="True" />
                          <test-case description="Should return the new project 'ea412fa54ec8cdc8856f32'" name="Projects.Project doesn't exist.Using account details.Using no parameters.Should return the new project 'ea412fa54ec8cdc8856f32'" time="0.1199" asserts="0" success="True" result="Success" executed="True" />
                          <test-case description="Should delete the new project 'ea412fa54ec8cdc8856f32'" name="Projects.Project doesn't exist.Using account details.Using no parameters.Should delete the new project 'ea412fa54ec8cdc8856f32'" time="0.2667" asserts="0" success="True" result="Success" executed="True" />
                        </results>
                      </test-suite>
                      <test-suite type="TestFixture" name="Using template name 'Scrum'" executed="True" result="Success" success="True" time="20.3555" asserts="0" description="Using template name 'Scrum'">
                        <results>
                          <test-case description="Should create a new project 'ca4a0989ab83cb8c703e20'" name="Projects.Project doesn't exist.Using account details.Using template name 'Scrum'.Should create a new project 'ca4a0989ab83cb8c703e20'" time="20.0274" asserts="0" success="True" result="Success" executed="True" />
                          <test-case description="Should return the new project 'ca4a0989ab83cb8c703e20'" name="Projects.Project doesn't exist.Using account details.Using template name 'Scrum'.Should return the new project 'ca4a0989ab83cb8c703e20'" time="0.1156" asserts="0" success="True" result="Success" executed="True" />
                          <test-case description="Should delete the new project 'ca4a0989ab83cb8c703e20'" name="Projects.Project doesn't exist.Using account details.Using template name 'Scrum'.Should delete the new project 'ca4a0989ab83cb8c703e20'" time="0.2126" asserts="0" success="True" result="Success" executed="True" />
                        </results>
                      </test-suite>
                    </results>
                  </test-suite>
                </results>
              </test-suite>
              <test-suite type="TestFixture" name="Process" executed="True" result="Success" success="True" time="0.3695" asserts="0" description="Process">
                <results>
                  <test-suite type="TestFixture" name="Using session object" executed="True" result="Success" success="True" time="0.2121" asserts="0" description="Using session object">
                    <results>
                      <test-case description="Should returns default process templates" name="Projects.Process.Using session object.Should returns default process templates" time="0.2121" asserts="0" success="True" result="Success" executed="True" />
                    </results>
                  </test-suite>
                  <test-suite type="TestFixture" name="Using account details" executed="True" result="Success" success="True" time="0.1574" asserts="0" description="Using account details">
                    <results>
                      <test-case description="Should returns default process templates" name="Projects.Process.Using account details.Should returns default process templates" time="0.1574" asserts="0" success="True" result="Success" executed="True" />
                    </results>
                  </test-suite>
                </results>
              </test-suite>
            </results>
          </test-suite>
        </results>
      </test-suite>
      <test-suite type="TestFixture" name="C:\Users\Dan\Source\GitHub\VSTSPosh\Tests\Unit.tests.ps1" executed="True" result="Success" success="True" time="0" asserts="0" description="C:\Users\Dan\Source\GitHub\VSTSPosh\Tests\Unit.tests.ps1">
        <results />
      </test-suite>
      <test-suite type="TestFixture" name="C:\Users\Dan\Source\GitHub\VSTSPosh\Tests\WorkItems.tests.ps1" executed="True" result="Success" success="True" time="21.8269" asserts="0" description="C:\Users\Dan\Source\GitHub\VSTSPosh\Tests\WorkItems.tests.ps1">
        <results>
          <test-suite type="TestFixture" name="Work items" executed="True" result="Success" success="True" time="21.8269" asserts="0" description="Work items">
            <results>
              <test-suite type="TestFixture" name="Work item doesn't exist" executed="True" result="Success" success="True" time="21.8269" asserts="0" description="Work item doesn't exist">
                <results>
                  <test-case description="Should create a new work item" name="Work items.Work item doesn't exist.Should create a new work item" time="21.8269" asserts="0" success="True" result="Success" executed="True" />
                </results>
              </test-suite>
            </results>
          </test-suite>
        </results>
      </test-suite>
    </results>
  </test-suite>
</test-results>