<?xml version="1.0" encoding="utf-8" standalone="no"?>
<test-results xmlns:xsi="http://www.w3.org/2001/XMLSchema-instance" xsi:noNamespaceSchemaLocation="nunit_schema_2.5.xsd" name="Pester" total="19" errors="0" failures="1" not-run="0" inconclusive="0" ignored="0" skipped="0" invalid="0" date="2017-08-12" time="20:38:56">
  <environment user="Dan" machine-name="PLAGUE02" cwd="C:\Users\Dan\Source\GitHub\VSTSPosh" user-domain="PLAGUE02" platform="Microsoft Windows 10 Enterprise|C:\WINDOWS|\Device\Harddisk1\Partition4" nunit-version="2.5.8.0" os-version="10.0.15063" clr-version="4.0.30319.42000" />
  <culture-info current-culture="en-NZ" current-uiculture="en-US" />
  <test-suite type="TestFixture" name="Pester" executed="True" result="Failure" success="False" time="172.1952" asserts="0" description="Pester">
    <results>
      <test-suite type="TestFixture" name="C:\Users\Dan\Source\GitHub\VSTSPosh\Tests\Builds.tests.ps1" executed="True" result="Success" success="True" time="32.3236" asserts="0" description="C:\Users\Dan\Source\GitHub\VSTSPosh\Tests\Builds.tests.ps1">
        <results>
          <test-suite type="TestFixture" name="Builds" executed="True" result="Success" success="True" time="32.3236" asserts="0" description="Builds">
            <results>
              <test-suite type="TestFixture" name="Has default build queues" executed="True" result="Success" success="True" time="32.3236" asserts="0" description="Has default build queues">
                <results>
                  <test-case description="Should return default build queues" name="Builds.Has default build queues.Should return default build queues" time="32.3236" asserts="0" success="True" result="Success" executed="True" />
                </results>
              </test-suite>
            </results>
          </test-suite>
        </results>
      </test-suite>
      <test-suite type="TestFixture" name="C:\Users\Dan\Source\GitHub\VSTSPosh\Tests\Code.tests.ps1" executed="True" result="Failure" success="False" time="27.1555" asserts="0" description="C:\Users\Dan\Source\GitHub\VSTSPosh\Tests\Code.tests.ps1">
        <results>
          <test-suite type="TestFixture" name="Code" executed="True" result="Failure" success="False" time="27.1555" asserts="0" description="Code">
            <results>
              <test-suite type="TestFixture" name="Create a repository, get the repository and remove the repository" executed="True" result="Failure" success="False" time="27.1555" asserts="0" description="Create a repository, get the repository and remove the repository">
                <results>
                  <test-case description="Should create repository" name="Code.Create a repository, get the repository and remove the repository.Should create repository" time="26.9372" asserts="0" success="True" result="Success" executed="True" />
                  <test-case description="Should get the repository" name="Code.Create a repository, get the repository and remove the repository.Should get the repository" time="0.1059" asserts="0" success="True" result="Success" executed="True" />
                  <test-case description="Should delete the repository" name="Code.Create a repository, get the repository and remove the repository.Should delete the repository" time="0.1124" asserts="0" success="False" result="Failure" executed="True">
                    <failure>
                      <message>Expected: the expression not to throw an exception. Message was {The remote server returned an error: (400) Bad Request.}
    from C:\Users\Dan\Source\GitHub\VSTSPosh\VSTS.psm1:318 char:16
    +     $restResult = Invoke-RestMethod @invokeRestMethodParameters
    +                   ~~~~~~~~~~~~~~~~~~~~~~~~~~~~~~~~~~~~~~~~~~~~~</message>
                      <stack-trace>at &lt;ScriptBlock&gt;, C:\Users\Dan\Source\GitHub\VSTSPosh\Tests\Code.tests.ps1: line 45
45: 				-Verbose } | Should Not Throw
</stack-trace>
                    </failure>
                  </test-case>
                </results>
              </test-suite>
            </results>
          </test-suite>
        </results>
      </test-suite>
      <test-suite type="TestFixture" name="C:\Users\Dan\Source\GitHub\VSTSPosh\Tests\Projects.tests.ps1" executed="True" result="Success" success="True" time="91.01" asserts="0" description="C:\Users\Dan\Source\GitHub\VSTSPosh\Tests\Projects.tests.ps1">
        <results>
          <test-suite type="TestFixture" name="Projects" executed="True" result="Success" success="True" time="91.01" asserts="0" description="Projects">
            <results>
              <test-suite type="TestFixture" name="Project doesn't exist" executed="True" result="Success" success="True" time="90.7292" asserts="0" description="Project doesn't exist">
                <results>
                  <test-suite type="TestFixture" name="Using session object" executed="True" result="Success" success="True" time="46.8652" asserts="0" description="Using session object">
                    <results>
                      <test-suite type="TestFixture" name="Using no parameters" executed="True" result="Success" success="True" time="24.2194" asserts="0" description="Using no parameters">
                        <results>
                          <test-case description="Should create a new project 'b7408481da12ef1d785d4c'" name="Projects.Project doesn't exist.Using session object.Using no parameters.Should create a new project 'b7408481da12ef1d785d4c'" time="23.9159" asserts="0" success="True" result="Success" executed="True" />
                          <test-case description="Should return the new project 'b7408481da12ef1d785d4c'" name="Projects.Project doesn't exist.Using session object.Using no parameters.Should return the new project 'b7408481da12ef1d785d4c'" time="0.1015" asserts="0" success="True" result="Success" executed="True" />
                          <test-case description="Should delete the new project 'b7408481da12ef1d785d4c'" name="Projects.Project doesn't exist.Using session object.Using no parameters.Should delete the new project 'b7408481da12ef1d785d4c'" time="0.202" asserts="0" success="True" result="Success" executed="True" />
                        </results>
                      </test-suite>
                      <test-suite type="TestFixture" name="Using template name 'Scrum'" executed="True" result="Success" success="True" time="22.6458" asserts="0" description="Using template name 'Scrum'">
                        <results>
                          <test-case description="Should create a new project '4e4372991e70fb28b98d91'" name="Projects.Project doesn't exist.Using session object.Using template name 'Scrum'.Should create a new project '4e4372991e70fb28b98d91'" time="22.3336" asserts="0" success="True" result="Success" executed="True" />
                          <test-case description="Should return the new project '4e4372991e70fb28b98d91'" name="Projects.Project doesn't exist.Using session object.Using template name 'Scrum'.Should return the new project '4e4372991e70fb28b98d91'" time="0.1203" asserts="0" success="True" result="Success" executed="True" />
                          <test-case description="Should delete the new project '4e4372991e70fb28b98d91'" name="Projects.Project doesn't exist.Using session object.Using template name 'Scrum'.Should delete the new project '4e4372991e70fb28b98d91'" time="0.1919" asserts="0" success="True" result="Success" executed="True" />
                        </results>
                      </test-suite>
                    </results>
                  </test-suite>
                  <test-suite type="TestFixture" name="Using account details" executed="True" result="Success" success="True" time="43.864" asserts="0" description="Using account details">
                    <results>
                      <test-suite type="TestFixture" name="Using no parameters" executed="True" result="Success" success="True" time="23.9607" asserts="0" description="Using no parameters">
                        <results>
                          <test-case description="Should create a new project '554494a3e310f1c53ec943'" name="Projects.Project doesn't exist.Using account details.Using no parameters.Should create a new project '554494a3e310f1c53ec943'" time="23.641" asserts="0" success="True" result="Success" executed="True" />
                          <test-case description="Should return the new project '554494a3e310f1c53ec943'" name="Projects.Project doesn't exist.Using account details.Using no parameters.Should return the new project '554494a3e310f1c53ec943'" time="0.1193" asserts="0" success="True" result="Success" executed="True" />
                          <test-case description="Should delete the new project '554494a3e310f1c53ec943'" name="Projects.Project doesn't exist.Using account details.Using no parameters.Should delete the new project '554494a3e310f1c53ec943'" time="0.2003" asserts="0" success="True" result="Success" executed="True" />
                        </results>
                      </test-suite>
                      <test-suite type="TestFixture" name="Using template name 'Scrum'" executed="True" result="Success" success="True" time="19.9033" asserts="0" description="Using template name 'Scrum'">
                        <results>
                          <test-case description="Should create a new project '0347fd94eda2a98e621f67'" name="Projects.Project doesn't exist.Using account details.Using template name 'Scrum'.Should create a new project '0347fd94eda2a98e621f67'" time="19.5736" asserts="0" success="True" result="Success" executed="True" />
                          <test-case description="Should return the new project '0347fd94eda2a98e621f67'" name="Projects.Project doesn't exist.Using account details.Using template name 'Scrum'.Should return the new project '0347fd94eda2a98e621f67'" time="0.1316" asserts="0" success="True" result="Success" executed="True" />
                          <test-case description="Should delete the new project '0347fd94eda2a98e621f67'" name="Projects.Project doesn't exist.Using account details.Using template name 'Scrum'.Should delete the new project '0347fd94eda2a98e621f67'" time="0.1981" asserts="0" success="True" result="Success" executed="True" />
                        </results>
                      </test-suite>
                    </results>
                  </test-suite>
                </results>
              </test-suite>
              <test-suite type="TestFixture" name="Process" executed="True" result="Success" success="True" time="0.2808" asserts="0" description="Process">
                <results>
                  <test-suite type="TestFixture" name="Using session object" executed="True" result="Success" success="True" time="0.1521" asserts="0" description="Using session object">
                    <results>
                      <test-case description="Should returns default process templates" name="Projects.Process.Using session object.Should returns default process templates" time="0.1521" asserts="0" success="True" result="Success" executed="True" />
                    </results>
                  </test-suite>
                  <test-suite type="TestFixture" name="Using account details" executed="True" result="Success" success="True" time="0.1287" asserts="0" description="Using account details">
                    <results>
                      <test-case description="Should returns default process templates" name="Projects.Process.Using account details.Should returns default process templates" time="0.1287" asserts="0" success="True" result="Success" executed="True" />
                    </results>
                  </test-suite>
                </results>
              </test-suite>
            </results>
          </test-suite>
        </results>
      </test-suite>
      <test-suite type="TestFixture" name="C:\Users\Dan\Source\GitHub\VSTSPosh\Tests\Unit.tests.ps1" executed="True" result="Success" success="True" time="0" asserts="0" description="C:\Users\Dan\Source\GitHub\VSTSPosh\Tests\Unit.tests.ps1">
        <results />
      </test-suite>
      <test-suite type="TestFixture" name="C:\Users\Dan\Source\GitHub\VSTSPosh\Tests\WorkItems.tests.ps1" executed="True" result="Success" success="True" time="21.7061" asserts="0" description="C:\Users\Dan\Source\GitHub\VSTSPosh\Tests\WorkItems.tests.ps1">
        <results>
          <test-suite type="TestFixture" name="Work items" executed="True" result="Success" success="True" time="21.7061" asserts="0" description="Work items">
            <results>
              <test-suite type="TestFixture" name="Work item doesn't exist" executed="True" result="Success" success="True" time="21.7061" asserts="0" description="Work item doesn't exist">
                <results>
                  <test-case description="Should create a new work item" name="Work items.Work item doesn't exist.Should create a new work item" time="21.7061" asserts="0" success="True" result="Success" executed="True" />
                </results>
              </test-suite>
            </results>
          </test-suite>
        </results>
      </test-suite>
    </results>
  </test-suite>
</test-results>